TN:
SF:script/Counter.s.sol
DA:10,0
FN:10,CounterScript.setUp
FNDA:0,CounterScript.setUp
DA:12,0
FN:12,CounterScript.run
FNDA:0,CounterScript.run
DA:13,0
DA:15,0
DA:17,0
FNF:2
FNH:0
LF:5
LH:0
BRF:0
BRH:0
end_of_record
TN:
SF:src/AxilProtocolV1.sol
DA:133,0
FN:133,AxilProtocolV1.failedBurnQueue
FNDA:0,AxilProtocolV1.failedBurnQueue
DA:134,0
FN:134,AxilProtocolV1.totalBurned
FNDA:0,AxilProtocolV1.totalBurned
DA:135,0
FN:135,AxilProtocolV1.totalPendingRewards
FNDA:0,AxilProtocolV1.totalPendingRewards
DA:136,0
FN:136,AxilProtocolV1.lastBurnRetryBlock
FNDA:0,AxilProtocolV1.lastBurnRetryBlock
DA:160,21
FN:160,AxilProtocolV1.constructor
FNDA:21,AxilProtocolV1.constructor
DA:162,21
BRDA:162,0,0,4
DA:163,17
DA:164,17
DA:165,17
DA:166,17
DA:167,17
DA:178,17
DA:179,17
DA:180,17
DA:186,5083
FN:186,AxilProtocolV1._toU128
FNDA:5083,AxilProtocolV1._toU128
DA:187,5083
BRDA:187,1,0,-
DA:189,5083
DA:192,626
FN:192,AxilProtocolV1._minDeadlineBuffer
FNDA:626,AxilProtocolV1._minDeadlineBuffer
DA:193,520
FN:193,AxilProtocolV1._feeBps
FNDA:520,AxilProtocolV1._feeBps
DA:194,1962
FN:194,AxilProtocolV1._vestingBlocks
FNDA:1962,AxilProtocolV1._vestingBlocks
DA:195,0
FN:195,AxilProtocolV1._maxBatchSize
FNDA:0,AxilProtocolV1._maxBatchSize
DA:197,113
FN:197,AxilProtocolV1.packIntent
FNDA:113,AxilProtocolV1.packIntent
DA:198,113
BRDA:198,2,0,-
DA:199,113
BRDA:199,3,0,-
DA:200,113
DA:203,0
FN:203,AxilProtocolV1.unpackIntent
FNDA:0,AxilProtocolV1.unpackIntent
DA:204,625
DA:206,625
DA:208,625
DA:211,625
FN:211,AxilProtocolV1._validateIntent
FNDA:625,AxilProtocolV1._validateIntent
DA:212,625
DA:213,625
BRDA:213,4,0,-
DA:214,625
BRDA:214,5,0,-
DA:215,0
DA:221,0
FN:221,AxilProtocolV1.whenBatchProcessingNotPaused
FNDA:0,AxilProtocolV1.whenBatchProcessingNotPaused
DA:222,0
BRDA:222,6,0,-
DA:226,628
FN:226,AxilProtocolV1.validAmount
FNDA:628,AxilProtocolV1.validAmount
DA:227,628
BRDA:227,7,0,1
DA:234,628
FN:234,AxilProtocolV1.execute
FNDA:628,AxilProtocolV1.execute
DA:242,627
BRDA:242,8,0,-
DA:244,627
BRDA:244,9,0,-
DA:245,627
BRDA:245,10,0,1
DA:246,626
BRDA:246,11,0,1
DA:248,625
DA:250,625
BRDA:250,12,0,3
DA:251,0
BRDA:251,13,0,-
DA:253,622
DA:255,520
DA:256,520
DA:257,520
DA:258,520
DA:259,520
DA:261,520
DA:263,520
DA:264,520
DA:267,520
FN:267,AxilProtocolV1._distributeFunds
FNDA:520,AxilProtocolV1._distributeFunds
DA:268,520
DA:269,520
DA:271,520
BRDA:271,14,0,-
DA:273,520
DA:274,520
BRDA:274,15,0,34
DA:275,34
DA:276,34
BRDA:276,16,0,-
DA:277,34
DA:278,34
DA:281,520
DA:282,520
DA:284,520
BRDA:284,17,0,504
DA:285,504
DA:286,504
DA:289,520
DA:290,520
BRDA:290,18,0,-
DA:292,520
DA:295,504
FN:295,AxilProtocolV1._distributeRewards
FNDA:504,AxilProtocolV1._distributeRewards
DA:296,504
BRDA:296,19,0,18
DA:297,18
DA:298,18
DA:301,486
DA:302,486
DA:303,486
DA:305,486
DA:306,1944
DA:307,1944
BRDA:307,20,0,1944
DA:308,1944
DA:316,0
FN:316,AxilProtocolV1.autoBatchClaim
FNDA:0,AxilProtocolV1.autoBatchClaim
DA:321,0
BRDA:321,21,0,-
DA:322,0
BRDA:322,22,0,-
DA:324,0
DA:325,0
BRDA:325,23,0,-
DA:327,0
DA:328,0
DA:329,0
DA:331,0
DA:332,0
DA:336,0
DA:337,0
DA:341,0
DA:342,0
DA:344,0
DA:347,0
FN:347,AxilProtocolV1.toggleBatchProcessing
FNDA:0,AxilProtocolV1.toggleBatchProcessing
DA:348,0
DA:349,0
DA:355,504
FN:355,AxilProtocolV1._handleBurn
FNDA:504,AxilProtocolV1._handleBurn
DA:356,504
BRDA:356,24,0,504
DA:358,486
DA:360,486
BRDA:360,25,0,486
DA:361,486
DA:362,486
DA:363,486
DA:366,0
DA:367,0
BRDA:367,26,0,-
DA:369,0
DA:370,0
DA:371,0
DA:374,0
FN:374,AxilProtocolV1.autoRetryBurn
FNDA:0,AxilProtocolV1.autoRetryBurn
DA:375,0
BRDA:375,27,0,-
DA:376,0
DA:377,0
BRDA:377,28,0,-
DA:378,0
DA:382,0
DA:383,0
BRDA:383,29,0,-
BRDA:383,29,1,-
DA:384,0
DA:386,0
DA:389,0
BRDA:389,30,0,-
DA:391,0
DA:392,0
DA:393,0
DA:395,0
DA:397,0
BRDA:397,31,0,-
BRDA:397,31,1,-
DA:398,0
DA:399,0
DA:401,0
DA:402,0
DA:406,0
FN:406,AxilProtocolV1.checkBurnQueueCritical
FNDA:0,AxilProtocolV1.checkBurnQueueCritical
DA:407,0
DA:408,0
DA:409,0
DA:410,0
DA:416,0
FN:416,AxilProtocolV1._internalClaim
FNDA:0,AxilProtocolV1._internalClaim
DA:417,0
DA:419,0
BRDA:419,32,0,-
DA:420,0
BRDA:420,33,0,-
DA:422,0
DA:423,0
BRDA:423,34,0,-
DA:424,0
DA:427,0
BRDA:427,35,0,-
DA:429,0
DA:430,0
DA:432,0
DA:434,0
BRDA:434,36,0,-
BRDA:434,36,1,-
DA:435,0
DA:437,0
DA:438,0
DA:440,0
BRDA:440,37,0,-
BRDA:440,37,1,-
DA:441,0
DA:442,0
DA:444,0
DA:447,0
DA:448,0
DA:449,0
DA:453,0
FN:453,AxilProtocolV1.claimRewards
FNDA:0,AxilProtocolV1.claimRewards
DA:454,0
DA:456,0
BRDA:456,38,0,-
DA:457,0
BRDA:457,39,0,-
DA:459,0
DA:460,0
BRDA:460,40,0,-
DA:461,0
BRDA:461,41,0,-
DA:463,0
DA:464,0
DA:466,0
DA:468,0
BRDA:468,42,0,-
DA:469,0
DA:470,0
DA:471,0
DA:474,0
DA:475,0
DA:478,0
FN:478,AxilProtocolV1.claimWithSignature
FNDA:0,AxilProtocolV1.claimWithSignature
DA:484,0
BRDA:484,43,0,-
DA:486,0
DA:494,0
DA:495,0
BRDA:495,44,0,-
BRDA:495,44,1,-
DA:496,0
BRDA:496,45,0,-
DA:498,0
BRDA:498,46,0,-
DA:501,0
DA:502,0
BRDA:502,47,0,-
DA:503,0
BRDA:503,48,0,-
DA:505,0
DA:506,0
BRDA:506,49,0,-
DA:507,0
BRDA:507,50,0,-
DA:509,0
DA:510,0
DA:512,0
DA:513,0
BRDA:513,51,0,-
DA:515,0
DA:516,0
DA:519,1962
FN:519,AxilProtocolV1._accrue
FNDA:1962,AxilProtocolV1._accrue
DA:520,1962
BRDA:520,52,0,1962
DA:522,1962
DA:523,1962
DA:524,1962
DA:526,1962
DA:527,1962
BRDA:527,53,0,1958
DA:528,1958
DA:531,1962
DA:534,622
FN:534,AxilProtocolV1._verifySignature
FNDA:622,AxilProtocolV1._verifySignature
DA:543,622
DA:554,622
DA:555,622
BRDA:555,54,0,-
BRDA:555,54,1,520
DA:556,0
BRDA:556,55,0,-
DA:558,622
BRDA:558,56,0,3
DA:565,0
FN:565,AxilProtocolV1.updateConfig
FNDA:0,AxilProtocolV1.updateConfig
DA:566,0
BRDA:566,57,0,-
BRDA:566,57,1,-
DA:567,0
DA:568,0
BRDA:568,58,0,-
BRDA:568,58,1,-
DA:569,0
BRDA:569,59,0,-
DA:571,0
DA:572,0
BRDA:572,60,0,-
BRDA:572,60,1,-
DA:573,0
BRDA:573,61,0,-
DA:574,0
DA:575,0
BRDA:575,62,0,-
BRDA:575,62,1,-
DA:576,0
BRDA:576,63,0,-
DA:577,0
DA:578,0
BRDA:578,64,0,-
BRDA:578,64,1,-
DA:579,0
DA:580,0
BRDA:580,65,0,-
BRDA:580,65,1,-
DA:582,0
DA:583,0
BRDA:583,66,0,-
BRDA:583,66,1,-
DA:585,0
DA:586,0
BRDA:586,67,0,-
BRDA:586,67,1,-
DA:587,0
DA:588,0
BRDA:588,68,0,-
DA:590,0
DA:592,0
DA:595,0
FN:595,AxilProtocolV1.sweep
FNDA:0,AxilProtocolV1.sweep
DA:596,0
DA:597,0
DA:598,0
BRDA:598,69,0,-
DA:600,0
DA:602,0
DA:603,0
BRDA:603,70,0,-
DA:605,0
DA:608,0
FN:608,AxilProtocolV1.emergencyPause
FNDA:0,AxilProtocolV1.emergencyPause
DA:609,0
DA:610,0
DA:613,0
FN:613,AxilProtocolV1.emergencyUnpause
FNDA:0,AxilProtocolV1.emergencyUnpause
DA:614,0
DA:615,0
DA:618,0
FN:618,AxilProtocolV1.pause
FNDA:0,AxilProtocolV1.pause
DA:619,0
DA:622,0
FN:622,AxilProtocolV1.unpause
FNDA:0,AxilProtocolV1.unpause
DA:623,0
DA:626,0
FN:626,AxilProtocolV1.grantMerchantRole
FNDA:0,AxilProtocolV1.grantMerchantRole
DA:627,0
BRDA:627,71,0,-
DA:628,0
DA:631,0
FN:631,AxilProtocolV1.revokeMerchantRole
FNDA:0,AxilProtocolV1.revokeMerchantRole
DA:632,0
DA:636,0
FN:636,AxilProtocolV1.version
FNDA:0,AxilProtocolV1.version
DA:637,0
DA:640,517
FN:640,AxilProtocolV1.isIntentExecuted
FNDA:517,AxilProtocolV1.isIntentExecuted
DA:641,517
BRDA:641,72,0,517
DA:642,0
DA:643,0
DA:646,0
FN:646,AxilProtocolV1.getRewardVault
FNDA:0,AxilProtocolV1.getRewardVault
DA:647,0
DA:648,0
DA:651,0
FN:651,AxilProtocolV1.getContractBalance
FNDA:0,AxilProtocolV1.getContractBalance
DA:652,0
DA:653,0
DA:654,0
DA:655,0
DA:658,0
FN:658,AxilProtocolV1.getSystemStats
FNDA:0,AxilProtocolV1.getSystemStats
DA:666,0
FNF:41
FNH:15
LF:272
LH:97
BRF:87
BRH:16
end_of_record
TN:
SF:src/Counter.sol
DA:7,0
FN:7,Counter.setNumber
FNDA:0,Counter.setNumber
DA:8,0
DA:11,0
FN:11,Counter.increment
FNDA:0,Counter.increment
DA:12,0
FNF:2
FNH:0
LF:4
LH:0
BRF:0
BRH:0
end_of_record
TN:
SF:test/_06_NuclearSecurity.t.sol
DA:397,1
FN:397,ReentrancyAttacker.constructor
FNDA:1,ReentrancyAttacker.constructor
DA:398,1
DA:401,1
FN:401,ReentrancyAttacker.attack
FNDA:1,ReentrancyAttacker.attack
DA:410,1
DA:413,0
FN:413,ReentrancyAttacker.receive
FNDA:0,ReentrancyAttacker.receive
DA:414,0
BRDA:414,1,0,-
DA:415,0
DA:416,0
DA:427,0
BRDA:427,2,0,-
BRDA:427,2,1,-
FNF:3
FNH:2
LF:9
LH:4
BRF:3
BRH:0
end_of_record
