TN:
SF:src/AxilProtocolV1.sol
DA:157,8
FN:157,AxilProtocolV1.failedBurnQueue
FNDA:8,AxilProtocolV1.failedBurnQueue
DA:158,8
DA:161,6
FN:161,AxilProtocolV1.totalBurned
FNDA:6,AxilProtocolV1.totalBurned
DA:162,6
DA:165,4
FN:165,AxilProtocolV1.totalPendingRewards
FNDA:4,AxilProtocolV1.totalPendingRewards
DA:166,4
DA:169,4
FN:169,AxilProtocolV1.lastBurnRetryBlock
FNDA:4,AxilProtocolV1.lastBurnRetryBlock
DA:170,4
DA:205,118
FN:205,AxilProtocolV1.constructor
FNDA:118,AxilProtocolV1.constructor
DA:214,118
DA:215,114
DA:216,4
BRDA:216,0,0,4
DA:217,114
DA:218,114
DA:219,114
DA:220,114
DA:221,114
DA:222,114
DA:224,114
DA:225,114
DA:226,114
DA:227,114
DA:228,114
DA:229,114
DA:230,114
DA:231,114
DA:242,114
DA:243,114
DA:244,114
DA:250,29260131
FN:250,AxilProtocolV1._toU128
FNDA:29260131,AxilProtocolV1._toU128
DA:251,29260131
BRDA:251,1,0,-
DA:253,29260131
DA:256,4000375
FN:256,AxilProtocolV1._minDeadlineBuffer
FNDA:4000375,AxilProtocolV1._minDeadlineBuffer
DA:257,4000375
DA:260,3000268
FN:260,AxilProtocolV1._feeBps
FNDA:3000268,AxilProtocolV1._feeBps
DA:261,3000268
DA:264,11396901
FN:264,AxilProtocolV1._vestingBlocks
FNDA:11396901,AxilProtocolV1._vestingBlocks
DA:265,11396901
DA:268,8
FN:268,AxilProtocolV1._maxBatchSize
FNDA:8,AxilProtocolV1._maxBatchSize
DA:269,8
DA:272,124
FN:272,AxilProtocolV1.packIntent
FNDA:124,AxilProtocolV1.packIntent
DA:273,124
BRDA:273,2,0,-
DA:274,124
BRDA:274,3,0,-
DA:275,124
DA:278,3798873
FN:278,AxilProtocolV1.unpackIntent
FNDA:3798873,AxilProtocolV1.unpackIntent
DA:279,3798873
DA:281,3798873
DA:283,3798873
DA:286,3798870
FN:286,AxilProtocolV1._validateIntent
FNDA:3798870,AxilProtocolV1._validateIntent
DA:287,3798870
DA:288,3798870
BRDA:288,4,0,153098
DA:289,3645772
BRDA:289,5,0,-
DA:290,3645772
DA:296,9
FN:296,AxilProtocolV1.whenBatchProcessingNotPaused
FNDA:9,AxilProtocolV1.whenBatchProcessingNotPaused
DA:297,2
BRDA:297,6,0,2
DA:301,4000379
FN:301,AxilProtocolV1.validAmount
FNDA:4000379,AxilProtocolV1.validAmount
DA:302,4000379
BRDA:302,7,0,3
DA:309,4000379
FN:309,AxilProtocolV1.execute
FNDA:4000379,AxilProtocolV1.execute
DA:317,4000376
BRDA:317,8,0,-
DA:318,0
DA:321,4000376
BRDA:321,9,0,-
DA:322,4000376
BRDA:322,10,0,1
DA:323,4000375
BRDA:323,11,0,201505
DA:325,3798870
DA:327,3645772
BRDA:327,12,0,2
DA:328,0
BRDA:328,13,0,-
DA:330,3645770
DA:332,3000268
DA:333,3000268
DA:334,3000268
DA:335,3000268
DA:336,3000268
DA:338,3000268
DA:340,3645770
DA:341,3645770
DA:344,3000268
FN:344,AxilProtocolV1._distributeFunds
FNDA:3000268,AxilProtocolV1._distributeFunds
DA:345,3000268
DA:346,3000268
DA:348,3000268
BRDA:348,14,0,-
DA:350,3000268
DA:351,3000268
BRDA:351,15,0,180322
DA:352,180322
DA:353,180322
BRDA:353,16,0,-
DA:354,180322
DA:355,180322
DA:358,3000268
DA:359,3000268
DA:361,3000268
BRDA:361,17,0,2936361
DA:362,2936361
DA:363,2936361
DA:366,3000268
DA:367,3000268
BRDA:367,18,0,-
DA:369,3000268
DA:372,2936361
FN:372,AxilProtocolV1._distributeRewards
FNDA:2936361,AxilProtocolV1._distributeRewards
DA:373,2936361
BRDA:373,19,0,116181
DA:374,116181
DA:375,116181
DA:378,2820180
DA:379,2820180
DA:380,2820180
DA:382,2820180
DA:383,11280720
DA:384,11280720
BRDA:384,20,0,11280720
DA:385,11280720
DA:393,9
FN:393,AxilProtocolV1.autoBatchClaim
FNDA:9,AxilProtocolV1.autoBatchClaim
DA:400,7
BRDA:400,21,0,1
DA:401,6
BRDA:401,22,0,-
DA:403,6
DA:404,6
BRDA:404,23,0,2
DA:406,6
DA:407,6
DA:408,6
DA:410,14
DA:411,8
DA:414,8
DA:415,8
DA:419,6
DA:420,6
DA:422,6
DA:425,4
FN:425,AxilProtocolV1.toggleBatchProcessing
FNDA:4,AxilProtocolV1.toggleBatchProcessing
DA:426,4
DA:427,4
DA:433,2936362
FN:433,AxilProtocolV1._handleBurn
FNDA:2936362,AxilProtocolV1._handleBurn
DA:434,2936362
BRDA:434,24,0,116181
DA:436,2820181
DA:438,2820181
BRDA:438,25,0,2820181
DA:439,2820181
DA:440,2820181
DA:441,2820181
DA:444,0
DA:445,0
BRDA:445,26,0,-
DA:447,0
DA:448,0
DA:449,0
DA:452,9
FN:452,AxilProtocolV1.autoRetryBurn
FNDA:9,AxilProtocolV1.autoRetryBurn
DA:453,9
BRDA:453,27,0,7
DA:455,7
DA:456,7
DA:457,0
BRDA:457,28,0,-
DA:458,0
DA:462,9
DA:463,9
BRDA:463,29,0,-
BRDA:463,29,1,9
DA:464,0
DA:466,9
DA:469,9
BRDA:469,30,0,9
DA:471,0
DA:472,0
DA:473,0
DA:475,0
DA:477,0
BRDA:477,31,0,-
BRDA:477,31,1,-
DA:478,0
DA:479,0
DA:481,0
DA:482,0
DA:486,1
FN:486,AxilProtocolV1.checkBurnQueueCritical
FNDA:1,AxilProtocolV1.checkBurnQueueCritical
DA:487,1
DA:488,1
DA:489,1
DA:490,1
DA:496,8
FN:496,AxilProtocolV1._internalClaim
FNDA:8,AxilProtocolV1._internalClaim
DA:497,8
DA:499,8
BRDA:499,32,0,-
DA:500,8
BRDA:500,33,0,-
DA:502,8
DA:503,8
BRDA:503,34,0,-
DA:504,0
DA:507,8
BRDA:507,35,0,-
DA:509,8
DA:510,8
DA:512,8
DA:514,8
BRDA:514,36,0,1
BRDA:514,36,1,-
DA:515,1
DA:517,1
DA:518,1
DA:520,1
BRDA:520,37,0,1
BRDA:520,37,1,-
DA:521,1
DA:522,1
DA:524,0
DA:527,7
DA:528,7
DA:529,7
DA:533,12
FN:533,AxilProtocolV1.claimRewards
FNDA:12,AxilProtocolV1.claimRewards
DA:534,12
DA:536,12
BRDA:536,38,0,3
DA:537,9
BRDA:537,39,0,1
DA:539,8
DA:540,8
BRDA:540,40,0,1
DA:541,7
BRDA:541,41,0,1
DA:543,7
DA:544,7
DA:546,7
DA:548,7
BRDA:548,42,0,-
DA:549,0
DA:550,0
DA:551,0
DA:554,7
DA:555,7
DA:558,13
FN:558,AxilProtocolV1.claimWithSignature
FNDA:13,AxilProtocolV1.claimWithSignature
DA:563,13
BRDA:563,43,0,1
DA:565,12
DA:567,12
DA:568,12
BRDA:568,44,0,1
BRDA:568,44,1,4
DA:569,1
BRDA:569,45,0,-
DA:571,11
BRDA:571,46,0,4
DA:574,5
DA:575,5
BRDA:575,47,0,2
DA:576,3
BRDA:576,48,0,-
DA:578,3
DA:579,3
BRDA:579,49,0,-
DA:580,3
BRDA:580,50,0,-
DA:582,3
DA:583,3
DA:585,3
DA:586,3
BRDA:586,51,0,-
DA:588,3
DA:589,3
DA:592,11396901
FN:592,AxilProtocolV1._accrue
FNDA:11396901,AxilProtocolV1._accrue
DA:593,11396901
BRDA:593,52,0,-
DA:595,11396901
DA:596,11396901
DA:597,11396901
DA:599,11396901
DA:600,11396901
BRDA:600,53,0,11396016
DA:601,11396016
DA:604,11396901
DA:607,3645770
FN:607,AxilProtocolV1._verifySignature
FNDA:3645770,AxilProtocolV1._verifySignature
DA:616,3645770
DA:620,3645770
DA:621,3645770
BRDA:621,54,0,1
BRDA:621,54,1,4
DA:622,1
BRDA:622,55,0,-
DA:624,3645769
BRDA:624,56,0,4
DA:631,82
FN:631,AxilProtocolV1.updateConfig
FNDA:82,AxilProtocolV1.updateConfig
DA:632,81
BRDA:632,57,0,23
BRDA:632,57,1,23
DA:633,23
DA:634,58
BRDA:634,58,0,2
BRDA:634,58,1,23
DA:635,2
BRDA:635,59,0,1
DA:637,1
DA:638,56
BRDA:638,60,0,4
BRDA:638,60,1,23
DA:639,4
BRDA:639,61,0,1
DA:640,3
DA:641,52
BRDA:641,62,0,2
BRDA:641,62,1,23
DA:642,2
BRDA:642,63,0,1
DA:643,1
DA:644,50
BRDA:644,64,0,12
BRDA:644,64,1,23
DA:645,12
DA:646,38
BRDA:646,65,0,1
BRDA:646,65,1,23
DA:648,1
DA:649,37
BRDA:649,66,0,13
BRDA:649,66,1,23
DA:651,13
DA:652,24
BRDA:652,67,0,1
BRDA:652,67,1,23
DA:653,1
DA:654,23
BRDA:654,68,0,23
DA:656,23
DA:658,23
DA:666,4
FN:666,AxilProtocolV1.transferAdmin
FNDA:4,AxilProtocolV1.transferAdmin
DA:667,3
BRDA:667,69,0,1
DA:669,2
DA:670,2
DA:672,2
DA:680,4
FN:680,AxilProtocolV1.transferEmergency
FNDA:4,AxilProtocolV1.transferEmergency
DA:681,3
BRDA:681,70,0,1
DA:683,2
DA:684,2
DA:686,2
DA:689,3
FN:689,AxilProtocolV1.sweep
FNDA:3,AxilProtocolV1.sweep
DA:690,2
DA:691,2
DA:692,2
BRDA:692,71,0,-
DA:694,2
DA:696,2
DA:697,2
BRDA:697,72,0,-
DA:699,2
DA:702,3
FN:702,AxilProtocolV1.emergencyPause
FNDA:3,AxilProtocolV1.emergencyPause
DA:703,0
DA:704,2
DA:707,1
FN:707,AxilProtocolV1.emergencyUnpause
FNDA:1,AxilProtocolV1.emergencyUnpause
DA:708,0
DA:709,1
DA:712,2
FN:712,AxilProtocolV1.pause
FNDA:2,AxilProtocolV1.pause
DA:713,0
DA:716,1
FN:716,AxilProtocolV1.unpause
FNDA:1,AxilProtocolV1.unpause
DA:717,0
DA:720,3
FN:720,AxilProtocolV1.grantMerchantRole
FNDA:3,AxilProtocolV1.grantMerchantRole
DA:721,3
BRDA:721,73,0,1
DA:722,2
DA:725,1
FN:725,AxilProtocolV1.revokeMerchantRole
FNDA:1,AxilProtocolV1.revokeMerchantRole
DA:726,1
DA:729,4
FN:729,AxilProtocolV1.version
FNDA:4,AxilProtocolV1.version
DA:730,4
DA:733,3000217
FN:733,AxilProtocolV1.isIntentExecuted
FNDA:3000217,AxilProtocolV1.isIntentExecuted
DA:734,3000217
BRDA:734,74,0,3000217
DA:735,0
DA:736,0
DA:739,29
FN:739,AxilProtocolV1.getRewardVault
FNDA:29,AxilProtocolV1.getRewardVault
DA:744,29
DA:745,29
DA:748,1
FN:748,AxilProtocolV1.getContractBalance
FNDA:1,AxilProtocolV1.getContractBalance
DA:749,1
DA:750,1
DA:751,1
DA:752,1
DA:755,6
FN:755,AxilProtocolV1.getSystemStats
FNDA:6,AxilProtocolV1.getSystemStats
DA:767,6
FNF:43
FNH:43
LF:303
LH:273
BRF:89
BRH:57
end_of_record
TN:
SF:test/06_NuclearSecurity.t.sol
DA:469,2
FN:469,ReentrancyAttacker.constructor
FNDA:2,ReentrancyAttacker.constructor
DA:470,2
DA:473,1
FN:473,ReentrancyAttacker.attack
FNDA:1,ReentrancyAttacker.attack
DA:482,1
DA:485,1
FN:485,ReentrancyAttacker.receive
FNDA:1,ReentrancyAttacker.receive
DA:486,1
BRDA:486,1,0,1
DA:487,1
DA:488,1
DA:493,1
FNF:3
FNH:3
LF:9
LH:9
BRF:1
BRH:1
end_of_record
TN:
SF:test/11_ClaimWithSignature.t.sol
DA:436,1
FN:436,MaliciousERC1271.setAttackParams
FNDA:1,MaliciousERC1271.setAttackParams
DA:443,1
DA:444,1
DA:445,1
DA:446,1
DA:447,1
DA:454,2
FN:454,MaliciousERC1271.isValidSignature
FNDA:2,MaliciousERC1271.isValidSignature
DA:455,2
BRDA:455,0,0,1
DA:456,1
DA:457,0
DA:466,0
DA:468,1
FNF:2
FNH:2
LF:12
LH:10
BRF:1
BRH:1
end_of_record
TN:
SF:test/14_MoneyFlow.t.sol
DA:462,1
FN:462,FailingReceiver.receive
FNDA:1,FailingReceiver.receive
DA:463,1
DA:465,0
FN:465,FailingReceiver.fallback
FNDA:0,FailingReceiver.fallback
DA:466,0
FNF:2
FNH:1
LF:4
LH:2
BRF:0
BRH:0
end_of_record
